[     521ms] [INFO] %cDownload the React DevTools for a better development experience: https://react.dev/link/react-devtools font-weight:bold @ http://localhost:3000/_next/static/chunks/node_modules_next_dist_f3530cac._.js:2297
[     620ms] [LOG] [HMR] connected @ http://localhost:3000/_next/static/chunks/node_modules_next_dist_f3530cac._.js:2297
[     905ms] [WARNING] Please ensure that the container has a non-static position, like 'relative', 'fixed', or 'absolute' to ensure scroll offset is calculated correctly. @ http://localhost:3000/_next/static/chunks/node_modules_next_dist_f3530cac._.js:2297
[     913ms] [LOG] [Fast Refresh] rebuilding @ http://localhost:3000/_next/static/chunks/node_modules_next_dist_f3530cac._.js:2297
[     913ms] [LOG] [Fast Refresh] done in 209ms @ http://localhost:3000/_next/static/chunks/node_modules_next_dist_f3530cac._.js:2297
[    7697ms] [WARNING] The resource http://localhost:3000/_next/static/chunks/app_b63691ce._.css was preloaded using link preload but not used within a few seconds from the window's load event. Please make sure it has an appropriate `as` value and it is preloaded intentionally. @ http://localhost:3000/availability:0
[   13052ms] [WARNING] Image with src "/_next/static/media/lines.fde3b067.png" has "fill" but is missing "sizes" prop. Please add it to improve page performance. Read more: https://nextjs.org/docs/api-reference/next/image#sizes @ http://localhost:3000/_next/static/chunks/node_modules_next_dist_f3530cac._.js:2297
[   19780ms] [WARNING] The resource http://localhost:3000/_next/static/chunks/app_b63691ce._.css was preloaded using link preload but not used within a few seconds from the window's load event. Please make sure it has an appropriate `as` value and it is preloaded intentionally. @ http://localhost:3000/availability:0
[   33493ms] [WARNING] The resource http://localhost:3000/_next/static/chunks/app_b63691ce._.css was preloaded using link preload but not used within a few seconds from the window's load event. Please make sure it has an appropriate `as` value and it is preloaded intentionally. @ http://localhost:3000/availability:0
[   38671ms] [INFO] %cDownload the React DevTools for a better development experience: https://react.dev/link/react-devtools font-weight:bold @ http://localhost:3000/_next/static/chunks/node_modules_next_dist_f3530cac._.js:2297
[   38729ms] [LOG] [HMR] connected @ http://localhost:3000/_next/static/chunks/node_modules_next_dist_f3530cac._.js:2297
[   38961ms] [WARNING] Please ensure that the container has a non-static position, like 'relative', 'fixed', or 'absolute' to ensure scroll offset is calculated correctly. @ http://localhost:3000/_next/static/chunks/node_modules_next_dist_f3530cac._.js:2297
[   39013ms] [WARNING] Image with src "/_next/static/media/lines.fde3b067.png" has "fill" but is missing "sizes" prop. Please add it to improve page performance. Read more: https://nextjs.org/docs/api-reference/next/image#sizes @ http://localhost:3000/_next/static/chunks/node_modules_next_dist_f3530cac._.js:2297
[   39718ms] [WARNING] Image with src "https://seeclickrent.com/rails/active_storage/representations/redirect/eyJfcmFpbHMiOnsiZGF0YSI6MzYwMjI3LCJwdXIiOiJibG9iX2lkIn19--710b5152c3cf4c777df2f699b2fb1efe21a9870c/eyJfcmFpbHMiOnsiZGF0YSI6eyJmb3JtYXQiOiJwbmciLCJyZXNpemVfdG9fbGltaXQiOls0MDAsNDAwXX0sInB1ciI6InZhcmlhdGlvbiJ9fQ==--72f81078a28c07cc504fbb41d9baba6e9e250f57/2302.png" was detected as the Largest Contentful Paint (LCP). Please add the `loading="eager"` property if this image is above the fold.
Read more: https://nextjs.org/docs/app/api-reference/components/image#loading @ http://localhost:3000/_next/static/chunks/node_modules_next_dist_f3530cac._.js:2297
[   42820ms] [WARNING] The resource http://localhost:3000/_next/static/chunks/app_b63691ce._.css was preloaded using link preload but not used within a few seconds from the window's load event. Please make sure it has an appropriate `as` value and it is preloaded intentionally. @ http://localhost:3000/availability:0
[  249937ms] [LOG] [Fast Refresh] rebuilding @ http://localhost:3000/_next/static/chunks/node_modules_next_dist_f3530cac._.js:2297
[  250060ms] [LOG] [Fast Refresh] done in 230ms @ http://localhost:3000/_next/static/chunks/node_modules_next_dist_f3530cac._.js:2297
[  251941ms] [ERROR] WebSocket connection to 'ws://localhost:3000/_next/webpack-hmr?id=d2N190tnjVZiLBGmNHqs8' failed: Error in connection establishment: net::ERR_CONNECTION_REFUSED @ http://localhost:3000/_next/static/chunks/node_modules_next_dist_client_17643121._.js:10878
[  252945ms] [ERROR] WebSocket connection to 'ws://localhost:3000/_next/webpack-hmr?id=d2N190tnjVZiLBGmNHqs8' failed: Error in connection establishment: net::ERR_CONNECTION_REFUSED @ http://localhost:3000/_next/static/chunks/node_modules_next_dist_client_17643121._.js:10878
[  253949ms] [ERROR] WebSocket connection to 'ws://localhost:3000/_next/webpack-hmr?id=d2N190tnjVZiLBGmNHqs8' failed: Error in connection establishment: net::ERR_CONNECTION_REFUSED @ http://localhost:3000/_next/static/chunks/node_modules_next_dist_client_17643121._.js:10878
[  254953ms] [ERROR] WebSocket connection to 'ws://localhost:3000/_next/webpack-hmr?id=d2N190tnjVZiLBGmNHqs8' failed: Error in connection establishment: net::ERR_CONNECTION_REFUSED @ http://localhost:3000/_next/static/chunks/node_modules_next_dist_client_17643121._.js:10878
[  255959ms] [ERROR] WebSocket connection to 'ws://localhost:3000/_next/webpack-hmr?id=d2N190tnjVZiLBGmNHqs8' failed: Error in connection establishment: net::ERR_CONNECTION_REFUSED @ http://localhost:3000/_next/static/chunks/node_modules_next_dist_client_17643121._.js:10878
[  260974ms] [ERROR] WebSocket connection to 'ws://localhost:3000/_next/webpack-hmr?id=d2N190tnjVZiLBGmNHqs8' failed: Error in connection establishment: net::ERR_CONNECTION_REFUSED @ http://localhost:3000/_next/static/chunks/node_modules_next_dist_client_17643121._.js:10878
[  265993ms] [ERROR] WebSocket connection to 'ws://localhost:3000/_next/webpack-hmr?id=d2N190tnjVZiLBGmNHqs8' failed: Error in connection establishment: net::ERR_CONNECTION_REFUSED @ http://localhost:3000/_next/static/chunks/node_modules_next_dist_client_17643121._.js:10878
[  271003ms] [ERROR] WebSocket connection to 'ws://localhost:3000/_next/webpack-hmr?id=d2N190tnjVZiLBGmNHqs8' failed: Error in connection establishment: net::ERR_CONNECTION_REFUSED @ http://localhost:3000/_next/static/chunks/node_modules_next_dist_client_17643121._.js:10878
[  276056ms] [ERROR] WebSocket connection to 'ws://localhost:3000/_next/webpack-hmr?id=d2N190tnjVZiLBGmNHqs8' failed: Error in connection establishment: net::ERR_CONNECTION_REFUSED @ http://localhost:3000/_next/static/chunks/node_modules_next_dist_client_17643121._.js:10878
[  281094ms] [ERROR] WebSocket connection to 'ws://localhost:3000/_next/webpack-hmr?id=d2N190tnjVZiLBGmNHqs8' failed: Error in connection establishment: net::ERR_CONNECTION_REFUSED @ http://localhost:3000/_next/static/chunks/node_modules_next_dist_client_17643121._.js:10878
[  286251ms] [ERROR] WebSocket connection to 'ws://localhost:3000/_next/webpack-hmr?id=d2N190tnjVZiLBGmNHqs8' failed: Error in connection establishment: net::ERR_CONNECTION_REFUSED @ http://localhost:3000/_next/static/chunks/node_modules_next_dist_client_17643121._.js:10878
[  291470ms] [ERROR] WebSocket connection to 'ws://localhost:3000/_next/webpack-hmr?id=d2N190tnjVZiLBGmNHqs8' failed: Error in connection establishment: net::ERR_CONNECTION_REFUSED @ http://localhost:3000/_next/static/chunks/node_modules_next_dist_client_17643121._.js:10878
[  388448ms] [INFO] %cDownload the React DevTools for a better development experience: https://react.dev/link/react-devtools font-weight:bold @ http://localhost:3000/_next/static/chunks/node_modules_next_dist_f3530cac._.js:2297
[  388518ms] [LOG] [HMR] connected @ http://localhost:3000/_next/static/chunks/node_modules_next_dist_f3530cac._.js:2297
[  388711ms] [WARNING] Please ensure that the container has a non-static position, like 'relative', 'fixed', or 'absolute' to ensure scroll offset is calculated correctly. @ http://localhost:3000/_next/static/chunks/node_modules_next_dist_f3530cac._.js:2297
[  392363ms] [WARNING] The resource http://localhost:3000/_next/static/chunks/app_b63691ce._.css was preloaded using link preload but not used within a few seconds from the window's load event. Please make sure it has an appropriate `as` value and it is preloaded intentionally. @ http://localhost:3000/availability:0
[  425072ms] [LOG] [HMR] connected @ http://localhost:3000/_next/static/chunks/node_modules_next_dist_f3530cac._.js:2297
[  425239ms] [LOG] [Fast Refresh] rebuilding @ http://localhost:3000/_next/static/chunks/node_modules_next_dist_f3530cac._.js:2297
[  425305ms] [LOG] [Fast Refresh] done in 170ms @ http://localhost:3000/_next/static/chunks/node_modules_next_dist_f3530cac._.js:2297
[ 1524787ms] [WARNING] The resource http://localhost:3000/_next/static/chunks/app_b63691ce._.css was preloaded using link preload but not used within a few seconds from the window's load event. Please make sure it has an appropriate `as` value and it is preloaded intentionally. @ http://localhost:3000/availability:0
[ 1531883ms] [LOG] [HMR] connected @ http://localhost:3000/_next/static/chunks/node_modules_next_dist_f3530cac._.js:2297
[ 1532349ms] [LOG] [Fast Refresh] rebuilding @ http://localhost:3000/_next/static/chunks/node_modules_next_dist_f3530cac._.js:2297
[ 1532415ms] [LOG] [Fast Refresh] done in 167ms @ http://localhost:3000/_next/static/chunks/node_modules_next_dist_f3530cac._.js:2297
[ 1541881ms] [LOG] [HMR] connected @ http://localhost:3000/_next/static/chunks/node_modules_next_dist_f3530cac._.js:2297
[ 1600313ms] [LOG] [HMR] connected @ http://localhost:3000/_next/static/chunks/node_modules_next_dist_f3530cac._.js:2297
[ 6627159ms] [ERROR] WebSocket connection to 'ws://localhost:3000/_next/webpack-hmr?id=vnB4Ja_i_qXvODU7_p8zZ' failed: Error in connection establishment: net::ERR_CONNECTION_REFUSED @ http://localhost:3000/_next/static/chunks/node_modules_next_dist_client_17643121._.js:10878
[ 6628173ms] [ERROR] WebSocket connection to 'ws://localhost:3000/_next/webpack-hmr?id=vnB4Ja_i_qXvODU7_p8zZ' failed: Error in connection establishment: net::ERR_CONNECTION_REFUSED @ http://localhost:3000/_next/static/chunks/node_modules_next_dist_client_17643121._.js:10878
[ 6629179ms] [ERROR] WebSocket connection to 'ws://localhost:3000/_next/webpack-hmr?id=vnB4Ja_i_qXvODU7_p8zZ' failed: Error in connection establishment: net::ERR_CONNECTION_REFUSED @ http://localhost:3000/_next/static/chunks/node_modules_next_dist_client_17643121._.js:10878
[ 6630188ms] [ERROR] WebSocket connection to 'ws://localhost:3000/_next/webpack-hmr?id=vnB4Ja_i_qXvODU7_p8zZ' failed: Error in connection establishment: net::ERR_CONNECTION_REFUSED @ http://localhost:3000/_next/static/chunks/node_modules_next_dist_client_17643121._.js:10878
[ 6631200ms] [ERROR] WebSocket connection to 'ws://localhost:3000/_next/webpack-hmr?id=vnB4Ja_i_qXvODU7_p8zZ' failed: Error in connection establishment: net::ERR_CONNECTION_REFUSED @ http://localhost:3000/_next/static/chunks/node_modules_next_dist_client_17643121._.js:10878
[ 6636218ms] [ERROR] WebSocket connection to 'ws://localhost:3000/_next/webpack-hmr?id=vnB4Ja_i_qXvODU7_p8zZ' failed: Error in connection establishment: net::ERR_CONNECTION_REFUSED @ http://localhost:3000/_next/static/chunks/node_modules_next_dist_client_17643121._.js:10878
[ 6641278ms] [ERROR] WebSocket connection to 'ws://localhost:3000/_next/webpack-hmr?id=vnB4Ja_i_qXvODU7_p8zZ' failed: Error in connection establishment: net::ERR_CONNECTION_REFUSED @ http://localhost:3000/_next/static/chunks/node_modules_next_dist_client_17643121._.js:10878
[ 6646306ms] [ERROR] WebSocket connection to 'ws://localhost:3000/_next/webpack-hmr?id=vnB4Ja_i_qXvODU7_p8zZ' failed: Error in connection establishment: net::ERR_CONNECTION_REFUSED @ http://localhost:3000/_next/static/chunks/node_modules_next_dist_client_17643121._.js:10878
[ 6651334ms] [ERROR] WebSocket connection to 'ws://localhost:3000/_next/webpack-hmr?id=vnB4Ja_i_qXvODU7_p8zZ' failed: Error in connection establishment: net::ERR_CONNECTION_REFUSED @ http://localhost:3000/_next/static/chunks/node_modules_next_dist_client_17643121._.js:10878
[ 6656387ms] [ERROR] WebSocket connection to 'ws://localhost:3000/_next/webpack-hmr?id=vnB4Ja_i_qXvODU7_p8zZ' failed: Error in connection establishment: net::ERR_CONNECTION_REFUSED @ http://localhost:3000/_next/static/chunks/node_modules_next_dist_client_17643121._.js:10878
[ 6661549ms] [ERROR] WebSocket connection to 'ws://localhost:3000/_next/webpack-hmr?id=vnB4Ja_i_qXvODU7_p8zZ' failed: Error in connection establishment: net::ERR_CONNECTION_REFUSED @ http://localhost:3000/_next/static/chunks/node_modules_next_dist_client_17643121._.js:10878
[ 6666682ms] [ERROR] WebSocket connection to 'ws://localhost:3000/_next/webpack-hmr?id=vnB4Ja_i_qXvODU7_p8zZ' failed: Error in connection establishment: net::ERR_CONNECTION_REFUSED @ http://localhost:3000/_next/static/chunks/node_modules_next_dist_client_17643121._.js:10878
[ 6668118ms] [ERROR] Failed to load resource: net::ERR_CONNECTION_REFUSED @ http://localhost:3000/favicon-dark.png:0
[105776208ms] [ERROR] Failed to load resource: the server responded with a status of 404 (Not Found) @ http://localhost:3000/availability:0
[105776316ms] [INFO] %cDownload the React DevTools for a better development experience: https://react.dev/link/react-devtools font-weight:bold @ http://localhost:3000/_next/static/chunks/0ly8_next_dist_1tgaskt._.js:2477
[105776391ms] [LOG] [HMR] connected @ http://localhost:3000/_next/static/chunks/0ly8_next_dist_1tgaskt._.js:2477
[134508266ms] [LOG] [Fast Refresh] rebuilding @ http://localhost:3000/_next/static/chunks/0ly8_next_dist_1tgaskt._.js:2477
[134509041ms] [LOG] [Fast Refresh] done in 878ms @ http://localhost:3000/_next/static/chunks/0ly8_next_dist_1tgaskt._.js:2477
[134509145ms] [LOG] [Fast Refresh] rebuilding @ http://localhost:3000/_next/static/chunks/0ly8_next_dist_1tgaskt._.js:2477
[134510075ms] [LOG] [Fast Refresh] done in 1033ms @ http://localhost:3000/_next/static/chunks/0ly8_next_dist_1tgaskt._.js:2477
[134513405ms] [LOG] [Fast Refresh] rebuilding @ http://localhost:3000/_next/static/chunks/0ly8_next_dist_1tgaskt._.js:2477
[134513598ms] [LOG] [Fast Refresh] done in 297ms @ http://localhost:3000/_next/static/chunks/0ly8_next_dist_1tgaskt._.js:2477
[134520375ms] [LOG] [Fast Refresh] rebuilding @ http://localhost:3000/_next/static/chunks/0ly8_next_dist_1tgaskt._.js:2477
[134521093ms] [LOG] [Fast Refresh] done in 821ms @ http://localhost:3000/_next/static/chunks/0ly8_next_dist_1tgaskt._.js:2477
[134532885ms] [LOG] [Fast Refresh] rebuilding @ http://localhost:3000/_next/static/chunks/0ly8_next_dist_1tgaskt._.js:2477
[134532951ms] [LOG] [Fast Refresh] done in 167ms @ http://localhost:3000/_next/static/chunks/0ly8_next_dist_1tgaskt._.js:2477
[134695334ms] [LOG] [Fast Refresh] rebuilding @ http://localhost:3000/_next/static/chunks/0ly8_next_dist_1tgaskt._.js:2477
[134696448ms] [LOG] [Fast Refresh] done in 1216ms @ http://localhost:3000/_next/static/chunks/0ly8_next_dist_1tgaskt._.js:2477
[134696652ms] [LOG] [Fast Refresh] rebuilding @ http://localhost:3000/_next/static/chunks/0ly8_next_dist_1tgaskt._.js:2477
[134697150ms] [LOG] [Fast Refresh] done in 599ms @ http://localhost:3000/_next/static/chunks/0ly8_next_dist_1tgaskt._.js:2477
[134697761ms] [LOG] [Fast Refresh] rebuilding @ http://localhost:3000/_next/static/chunks/0ly8_next_dist_1tgaskt._.js:2477
[134697837ms] [LOG] [Fast Refresh] done in 177ms @ http://localhost:3000/_next/static/chunks/0ly8_next_dist_1tgaskt._.js:2477
[134698227ms] [LOG] [Fast Refresh] rebuilding @ http://localhost:3000/_next/static/chunks/0ly8_next_dist_1tgaskt._.js:2477
[134698442ms] [LOG] [Fast Refresh] done in 315ms @ http://localhost:3000/_next/static/chunks/0ly8_next_dist_1tgaskt._.js:2477
[134781925ms] [LOG] [Fast Refresh] rebuilding @ http://localhost:3000/_next/static/chunks/0ly8_next_dist_1tgaskt._.js:2477
[134782005ms] [LOG] [Fast Refresh] done in 182ms @ http://localhost:3000/_next/static/chunks/0ly8_next_dist_1tgaskt._.js:2477
[134799053ms] [LOG] [Fast Refresh] rebuilding @ http://localhost:3000/_next/static/chunks/0ly8_next_dist_1tgaskt._.js:2477
[134799262ms] [LOG] [Fast Refresh] done in 310ms @ http://localhost:3000/_next/static/chunks/0ly8_next_dist_1tgaskt._.js:2477
[134807055ms] [LOG] [Fast Refresh] rebuilding @ http://localhost:3000/_next/static/chunks/0ly8_next_dist_1tgaskt._.js:2477
[134807080ms] [LOG] [Fast Refresh] done in 126ms @ http://localhost:3000/_next/static/chunks/0ly8_next_dist_1tgaskt._.js:2477
[134827745ms] [LOG] [Fast Refresh] rebuilding @ http://localhost:3000/_next/static/chunks/0ly8_next_dist_1tgaskt._.js:2477
[134827776ms] [LOG] [Fast Refresh] done in 133ms @ http://localhost:3000/_next/static/chunks/0ly8_next_dist_1tgaskt._.js:2477
[134840232ms] [LOG] [Fast Refresh] rebuilding @ http://localhost:3000/_next/static/chunks/0ly8_next_dist_1tgaskt._.js:2477
[134840265ms] [LOG] [Fast Refresh] done in 133ms @ http://localhost:3000/_next/static/chunks/0ly8_next_dist_1tgaskt._.js:2477
[134841248ms] [LOG] [Fast Refresh] rebuilding @ http://localhost:3000/_next/static/chunks/0ly8_next_dist_1tgaskt._.js:2477
[134841420ms] [LOG] [Fast Refresh] done in 274ms @ http://localhost:3000/_next/static/chunks/0ly8_next_dist_1tgaskt._.js:2477
[135034011ms] [LOG] [Fast Refresh] rebuilding @ http://localhost:3000/_next/static/chunks/0ly8_next_dist_1tgaskt._.js:2477
[135034096ms] [LOG] [Fast Refresh] done in 187ms @ http://localhost:3000/_next/static/chunks/0ly8_next_dist_1tgaskt._.js:2477
[135034671ms] [LOG] [Fast Refresh] rebuilding @ http://localhost:3000/_next/static/chunks/0ly8_next_dist_1tgaskt._.js:2477
[135034692ms] [LOG] [Fast Refresh] done in 123ms @ http://localhost:3000/_next/static/chunks/0ly8_next_dist_1tgaskt._.js:2477
[135037157ms] [LOG] [Fast Refresh] rebuilding @ http://localhost:3000/_next/static/chunks/0ly8_next_dist_1tgaskt._.js:2477
[135037455ms] [LOG] [Fast Refresh] done in 400ms @ http://localhost:3000/_next/static/chunks/0ly8_next_dist_1tgaskt._.js:2477
[135037558ms] [LOG] [Fast Refresh] rebuilding @ http://localhost:3000/_next/static/chunks/0ly8_next_dist_1tgaskt._.js:2477
[135038991ms] [LOG] [Fast Refresh] done in 1535ms @ http://localhost:3000/_next/static/chunks/0ly8_next_dist_1tgaskt._.js:2477
[135051678ms] [LOG] [Fast Refresh] rebuilding @ http://localhost:3000/_next/static/chunks/0ly8_next_dist_1tgaskt._.js:2477
[135051735ms] [LOG] [Fast Refresh] done in 158ms @ http://localhost:3000/_next/static/chunks/0ly8_next_dist_1tgaskt._.js:2477
[135193882ms] [LOG] [Fast Refresh] rebuilding @ http://localhost:3000/_next/static/chunks/0ly8_next_dist_1tgaskt._.js:2477
[135194136ms] [LOG] [Fast Refresh] done in 357ms @ http://localhost:3000/_next/static/chunks/0ly8_next_dist_1tgaskt._.js:2477
[135206035ms] [LOG] [Fast Refresh] rebuilding @ http://localhost:3000/_next/static/chunks/0ly8_next_dist_1tgaskt._.js:2477
[135207437ms] [LOG] [Fast Refresh] done in 1299ms @ http://localhost:3000/_next/static/chunks/0ly8_next_dist_1tgaskt._.js:2477
[135207579ms] [LOG] [Fast Refresh] rebuilding @ http://localhost:3000/_next/static/chunks/0ly8_next_dist_1tgaskt._.js:2477
[135208426ms] [LOG] [Fast Refresh] done in 949ms @ http://localhost:3000/_next/static/chunks/0ly8_next_dist_1tgaskt._.js:2477
[135209215ms] [LOG] [Fast Refresh] rebuilding @ http://localhost:3000/_next/static/chunks/0ly8_next_dist_1tgaskt._.js:2477
[135209388ms] [LOG] [Fast Refresh] done in 275ms @ http://localhost:3000/_next/static/chunks/0ly8_next_dist_1tgaskt._.js:2477
[135210207ms] [LOG] [Fast Refresh] rebuilding @ http://localhost:3000/_next/static/chunks/0ly8_next_dist_1tgaskt._.js:2477
[135210221ms] [LOG] [Fast Refresh] done in 115ms @ http://localhost:3000/_next/static/chunks/0ly8_next_dist_1tgaskt._.js:2477
[135210389ms] [LOG] [Fast Refresh] rebuilding @ http://localhost:3000/_next/static/chunks/0ly8_next_dist_1tgaskt._.js:2477
[135210414ms] [LOG] [Fast Refresh] done in 127ms @ http://localhost:3000/_next/static/chunks/0ly8_next_dist_1tgaskt._.js:2477
[135210694ms] [LOG] [Fast Refresh] rebuilding @ http://localhost:3000/_next/static/chunks/0ly8_next_dist_1tgaskt._.js:2477
[135210731ms] [LOG] [Fast Refresh] done in 138ms @ http://localhost:3000/_next/static/chunks/0ly8_next_dist_1tgaskt._.js:2477
[135211117ms] [LOG] [Fast Refresh] rebuilding @ http://localhost:3000/_next/static/chunks/0ly8_next_dist_1tgaskt._.js:2477
[135211117ms] [LOG] [Fast Refresh] done in 102ms @ http://localhost:3000/_next/static/chunks/0ly8_next_dist_1tgaskt._.js:2477
[135211428ms] [LOG] [Fast Refresh] rebuilding @ http://localhost:3000/_next/static/chunks/0ly8_next_dist_1tgaskt._.js:2477
[135211669ms] [LOG] [Fast Refresh] done in 342ms @ http://localhost:3000/_next/static/chunks/0ly8_next_dist_1tgaskt._.js:2477
[135458789ms] [LOG] [Fast Refresh] rebuilding @ http://localhost:3000/_next/static/chunks/0ly8_next_dist_1tgaskt._.js:2477
[135458830ms] [LOG] [Fast Refresh] done in 143ms @ http://localhost:3000/_next/static/chunks/0ly8_next_dist_1tgaskt._.js:2477
[135460322ms] [LOG] [Fast Refresh] rebuilding @ http://localhost:3000/_next/static/chunks/0ly8_next_dist_1tgaskt._.js:2477
[135460383ms] [LOG] [Fast Refresh] done in 162ms @ http://localhost:3000/_next/static/chunks/0ly8_next_dist_1tgaskt._.js:2477
[135904531ms] [LOG] [Fast Refresh] rebuilding @ http://localhost:3000/_next/static/chunks/0ly8_next_dist_1tgaskt._.js:2477
[135904740ms] [LOG] [Fast Refresh] done in 313ms @ http://localhost:3000/_next/static/chunks/0ly8_next_dist_1tgaskt._.js:2477
[135911471ms] [LOG] [Fast Refresh] rebuilding @ http://localhost:3000/_next/static/chunks/0ly8_next_dist_1tgaskt._.js:2477
[135911622ms] [LOG] [Fast Refresh] done in 252ms @ http://localhost:3000/_next/static/chunks/0ly8_next_dist_1tgaskt._.js:2477
[135911799ms] [LOG] [Fast Refresh] rebuilding @ http://localhost:3000/_next/static/chunks/0ly8_next_dist_1tgaskt._.js:2477
[135912067ms] [LOG] [Fast Refresh] done in 370ms @ http://localhost:3000/_next/static/chunks/0ly8_next_dist_1tgaskt._.js:2477
[135912541ms] [LOG] [Fast Refresh] rebuilding @ http://localhost:3000/_next/static/chunks/0ly8_next_dist_1tgaskt._.js:2477
[135912597ms] [LOG] [Fast Refresh] done in 159ms @ http://localhost:3000/_next/static/chunks/0ly8_next_dist_1tgaskt._.js:2477
[135914603ms] [LOG] [Fast Refresh] rebuilding @ http://localhost:3000/_next/static/chunks/0ly8_next_dist_1tgaskt._.js:2477
[135914805ms] [LOG] [Fast Refresh] done in 304ms @ http://localhost:3000/_next/static/chunks/0ly8_next_dist_1tgaskt._.js:2477
[135915100ms] [LOG] [Fast Refresh] rebuilding @ http://localhost:3000/_next/static/chunks/0ly8_next_dist_1tgaskt._.js:2477
[135916627ms] [LOG] [Fast Refresh] done in 1624ms @ http://localhost:3000/_next/static/chunks/0ly8_next_dist_1tgaskt._.js:2477
[135916881ms] [LOG] [Fast Refresh] rebuilding @ http://localhost:3000/_next/static/chunks/0ly8_next_dist_1tgaskt._.js:2477
[135916957ms] [LOG] [Fast Refresh] done in 177ms @ http://localhost:3000/_next/static/chunks/0ly8_next_dist_1tgaskt._.js:2477
[135917228ms] [LOG] [Fast Refresh] rebuilding @ http://localhost:3000/_next/static/chunks/0ly8_next_dist_1tgaskt._.js:2477
[135917448ms] [LOG] [Fast Refresh] done in 320ms @ http://localhost:3000/_next/static/chunks/0ly8_next_dist_1tgaskt._.js:2477
[135917810ms] [LOG] [Fast Refresh] rebuilding @ http://localhost:3000/_next/static/chunks/0ly8_next_dist_1tgaskt._.js:2477
[135917842ms] [LOG] [Fast Refresh] done in 132ms @ http://localhost:3000/_next/static/chunks/0ly8_next_dist_1tgaskt._.js:2477
[135929056ms] [LOG] [Fast Refresh] rebuilding @ http://localhost:3000/_next/static/chunks/0ly8_next_dist_1tgaskt._.js:2477
[135929145ms] [LOG] [Fast Refresh] done in 104ms @ http://localhost:3000/_next/static/chunks/0ly8_next_dist_1tgaskt._.js:2477
[135937750ms] [LOG] [Fast Refresh] rebuilding @ http://localhost:3000/_next/static/chunks/0ly8_next_dist_1tgaskt._.js:2477
[135937937ms] [LOG] [Fast Refresh] done in 267ms @ http://localhost:3000/_next/static/chunks/0ly8_next_dist_1tgaskt._.js:2477
[135947268ms] [LOG] [Fast Refresh] rebuilding @ http://localhost:3000/_next/static/chunks/0ly8_next_dist_1tgaskt._.js:2477
[135947483ms] [LOG] [Fast Refresh] done in 279ms @ http://localhost:3000/_next/static/chunks/0ly8_next_dist_1tgaskt._.js:2477
[135947967ms] [LOG] [Fast Refresh] rebuilding @ http://localhost:3000/_next/static/chunks/0ly8_next_dist_1tgaskt._.js:2477
[135948138ms] [LOG] [Fast Refresh] done in 273ms @ http://localhost:3000/_next/static/chunks/0ly8_next_dist_1tgaskt._.js:2477
[135948248ms] [LOG] [Fast Refresh] rebuilding @ http://localhost:3000/_next/static/chunks/0ly8_next_dist_1tgaskt._.js:2477
[135948339ms] [LOG] [Fast Refresh] done in 190ms @ http://localhost:3000/_next/static/chunks/0ly8_next_dist_1tgaskt._.js:2477
[135951935ms] [LOG] [Fast Refresh] rebuilding @ http://localhost:3000/_next/static/chunks/0ly8_next_dist_1tgaskt._.js:2477
[135952188ms] [LOG] [Fast Refresh] done in 252ms @ http://localhost:3000/_next/static/chunks/0ly8_next_dist_1tgaskt._.js:2477
[135956447ms] [LOG] [Fast Refresh] rebuilding @ http://localhost:3000/_next/static/chunks/0ly8_next_dist_1tgaskt._.js:2477
[135956527ms] [LOG] [Fast Refresh] done in 82ms @ http://localhost:3000/_next/static/chunks/0ly8_next_dist_1tgaskt._.js:2477
[135961740ms] [LOG] [Fast Refresh] rebuilding @ http://localhost:3000/_next/static/chunks/0ly8_next_dist_1tgaskt._.js:2477
[135962301ms] [LOG] [Fast Refresh] done in 295ms @ http://localhost:3000/_next/static/chunks/0ly8_next_dist_1tgaskt._.js:2477
[135962716ms] [LOG] [Fast Refresh] rebuilding @ http://localhost:3000/_next/static/chunks/0ly8_next_dist_1tgaskt._.js:2477
[135962824ms] [LOG] [Fast Refresh] done in 209ms @ http://localhost:3000/_next/static/chunks/0ly8_next_dist_1tgaskt._.js:2477
[135968122ms] [LOG] [Fast Refresh] rebuilding @ http://localhost:3000/_next/static/chunks/0ly8_next_dist_1tgaskt._.js:2477
[135968185ms] [LOG] [Fast Refresh] done in 115ms @ http://localhost:3000/_next/static/chunks/0ly8_next_dist_1tgaskt._.js:2477
[135968308ms] [LOG] [Fast Refresh] rebuilding @ http://localhost:3000/_next/static/chunks/0ly8_next_dist_1tgaskt._.js:2477
[135968385ms] [LOG] [Fast Refresh] done in 177ms @ http://localhost:3000/_next/static/chunks/0ly8_next_dist_1tgaskt._.js:2477
[135968512ms] [LOG] [Fast Refresh] rebuilding @ http://localhost:3000/_next/static/chunks/0ly8_next_dist_1tgaskt._.js:2477
[135968705ms] [LOG] [Fast Refresh] done in 295ms @ http://localhost:3000/_next/static/chunks/0ly8_next_dist_1tgaskt._.js:2477
[135973436ms] [LOG] [Fast Refresh] rebuilding @ http://localhost:3000/_next/static/chunks/0ly8_next_dist_1tgaskt._.js:2477
[135973674ms] [LOG] [Fast Refresh] done in 259ms @ http://localhost:3000/_next/static/chunks/0ly8_next_dist_1tgaskt._.js:2477
[135980901ms] [LOG] [Fast Refresh] rebuilding @ http://localhost:3000/_next/static/chunks/0ly8_next_dist_1tgaskt._.js:2477
[135981273ms] [LOG] [Fast Refresh] done in 256ms @ http://localhost:3000/_next/static/chunks/0ly8_next_dist_1tgaskt._.js:2477
[135985747ms] [LOG] [Fast Refresh] rebuilding @ http://localhost:3000/_next/static/chunks/0ly8_next_dist_1tgaskt._.js:2477
[135986365ms] [LOG] [Fast Refresh] done in 257ms @ http://localhost:3000/_next/static/chunks/0ly8_next_dist_1tgaskt._.js:2477
[135986527ms] [LOG] [Fast Refresh] rebuilding @ http://localhost:3000/_next/static/chunks/0ly8_next_dist_1tgaskt._.js:2477
[135986777ms] [LOG] [Fast Refresh] done in 351ms @ http://localhost:3000/_next/static/chunks/0ly8_next_dist_1tgaskt._.js:2477
[135989864ms] [LOG] [Fast Refresh] rebuilding @ http://localhost:3000/_next/static/chunks/0ly8_next_dist_1tgaskt._.js:2477
[135989897ms] [LOG] [Fast Refresh] done in 77ms @ http://localhost:3000/_next/static/chunks/0ly8_next_dist_1tgaskt._.js:2477
[135994467ms] [LOG] [Fast Refresh] rebuilding @ http://localhost:3000/_next/static/chunks/0ly8_next_dist_1tgaskt._.js:2477
[135994610ms] [LOG] [Fast Refresh] done in 195ms @ http://localhost:3000/_next/static/chunks/0ly8_next_dist_1tgaskt._.js:2477
[136001541ms] [LOG] [Fast Refresh] rebuilding @ http://localhost:3000/_next/static/chunks/0ly8_next_dist_1tgaskt._.js:2477
[136001797ms] [LOG] [Fast Refresh] done in 316ms @ http://localhost:3000/_next/static/chunks/0ly8_next_dist_1tgaskt._.js:2477
[136006470ms] [LOG] [Fast Refresh] rebuilding @ http://localhost:3000/_next/static/chunks/0ly8_next_dist_1tgaskt._.js:2477
[136006868ms] [LOG] [Fast Refresh] done in 448ms @ http://localhost:3000/_next/static/chunks/0ly8_next_dist_1tgaskt._.js:2477
[136007031ms] [LOG] [Fast Refresh] rebuilding @ http://localhost:3000/_next/static/chunks/0ly8_next_dist_1tgaskt._.js:2477
[136007510ms] [LOG] [Fast Refresh] done in 580ms @ http://localhost:3000/_next/static/chunks/0ly8_next_dist_1tgaskt._.js:2477
[136010475ms] [LOG] [Fast Refresh] rebuilding @ http://localhost:3000/_next/static/chunks/0ly8_next_dist_1tgaskt._.js:2477
[136010572ms] [LOG] [Fast Refresh] done in 128ms @ http://localhost:3000/_next/static/chunks/0ly8_next_dist_1tgaskt._.js:2477
[136016582ms] [LOG] [Fast Refresh] rebuilding @ http://localhost:3000/_next/static/chunks/0ly8_next_dist_1tgaskt._.js:2477
[136016867ms] [LOG] [Fast Refresh] done in 386ms @ http://localhost:3000/_next/static/chunks/0ly8_next_dist_1tgaskt._.js:2477
[136024051ms] [LOG] [Fast Refresh] rebuilding @ http://localhost:3000/_next/static/chunks/0ly8_next_dist_1tgaskt._.js:2477
[136024254ms] [LOG] [Fast Refresh] done in 304ms @ http://localhost:3000/_next/static/chunks/0ly8_next_dist_1tgaskt._.js:2477
[136028821ms] [LOG] [Fast Refresh] rebuilding @ http://localhost:3000/_next/static/chunks/0ly8_next_dist_1tgaskt._.js:2477
[136028881ms] [LOG] [Fast Refresh] done in 161ms @ http://localhost:3000/_next/static/chunks/0ly8_next_dist_1tgaskt._.js:2477
[136029018ms] [LOG] [Fast Refresh] rebuilding @ http://localhost:3000/_next/static/chunks/0ly8_next_dist_1tgaskt._.js:2477
[136029517ms] [LOG] [Fast Refresh] done in 601ms @ http://localhost:3000/_next/static/chunks/0ly8_next_dist_1tgaskt._.js:2477
[136029653ms] [LOG] [Fast Refresh] rebuilding @ http://localhost:3000/_next/static/chunks/0ly8_next_dist_1tgaskt._.js:2477
[136029673ms] [LOG] [Fast Refresh] done in 121ms @ http://localhost:3000/_next/static/chunks/0ly8_next_dist_1tgaskt._.js:2477
[136033190ms] [LOG] [Fast Refresh] rebuilding @ http://localhost:3000/_next/static/chunks/0ly8_next_dist_1tgaskt._.js:2477
[136033203ms] [LOG] [Fast Refresh] done in 115ms @ http://localhost:3000/_next/static/chunks/0ly8_next_dist_1tgaskt._.js:2477
[136059340ms] [LOG] [Fast Refresh] rebuilding @ http://localhost:3000/_next/static/chunks/0ly8_next_dist_1tgaskt._.js:2477
[136062399ms] [LOG] [Fast Refresh] done in 3162ms @ http://localhost:3000/_next/static/chunks/0ly8_next_dist_1tgaskt._.js:2477
[136062512ms] [LOG] [Fast Refresh] rebuilding @ http://localhost:3000/_next/static/chunks/0ly8_next_dist_1tgaskt._.js:2477
[136062975ms] [LOG] [Fast Refresh] done in 564ms @ http://localhost:3000/_next/static/chunks/0ly8_next_dist_1tgaskt._.js:2477
[136063111ms] [LOG] [Fast Refresh] rebuilding @ http://localhost:3000/_next/static/chunks/0ly8_next_dist_1tgaskt._.js:2477
[136064426ms] [LOG] [Fast Refresh] done in 1416ms @ http://localhost:3000/_next/static/chunks/0ly8_next_dist_1tgaskt._.js:2477
[136064537ms] [LOG] [Fast Refresh] rebuilding @ http://localhost:3000/_next/static/chunks/0ly8_next_dist_1tgaskt._.js:2477
[136064734ms] [LOG] [Fast Refresh] done in 298ms @ http://localhost:3000/_next/static/chunks/0ly8_next_dist_1tgaskt._.js:2477
[136071251ms] [LOG] [Fast Refresh] rebuilding @ http://localhost:3000/_next/static/chunks/0ly8_next_dist_1tgaskt._.js:2477
[136071413ms] [LOG] [Fast Refresh] done in 268ms @ http://localhost:3000/_next/static/chunks/0ly8_next_dist_1tgaskt._.js:2477
[136339702ms] [LOG] [Fast Refresh] rebuilding @ http://localhost:3000/_next/static/chunks/0ly8_next_dist_1tgaskt._.js:2477
[136340770ms] [LOG] [Fast Refresh] done in 1176ms @ http://localhost:3000/_next/static/chunks/0ly8_next_dist_1tgaskt._.js:2477
[136367983ms] [LOG] [Fast Refresh] rebuilding @ http://localhost:3000/_next/static/chunks/0ly8_next_dist_1tgaskt._.js:2477
[136368036ms] [LOG] [Fast Refresh] done in 162ms @ http://localhost:3000/_next/static/chunks/0ly8_next_dist_1tgaskt._.js:2477
[136522275ms] [LOG] [Fast Refresh] rebuilding @ http://localhost:3000/_next/static/chunks/0ly8_next_dist_1tgaskt._.js:2477
[136522595ms] [LOG] [Fast Refresh] done in 419ms @ http://localhost:3000/_next/static/chunks/0ly8_next_dist_1tgaskt._.js:2477
[136526572ms] [LOG] [Fast Refresh] rebuilding @ http://localhost:3000/_next/static/chunks/0ly8_next_dist_1tgaskt._.js:2477
[136526840ms] [LOG] [Fast Refresh] done in 373ms @ http://localhost:3000/_next/static/chunks/0ly8_next_dist_1tgaskt._.js:2477
[136538428ms] [LOG] [Fast Refresh] rebuilding @ http://localhost:3000/_next/static/chunks/0ly8_next_dist_1tgaskt._.js:2477
[136538595ms] [LOG] [Fast Refresh] done in 270ms @ http://localhost:3000/_next/static/chunks/0ly8_next_dist_1tgaskt._.js:2477
[136545602ms] [LOG] [Fast Refresh] rebuilding @ http://localhost:3000/_next/static/chunks/0ly8_next_dist_1tgaskt._.js:2477
[136545642ms] [LOG] [Fast Refresh] done in 141ms @ http://localhost:3000/_next/static/chunks/0ly8_next_dist_1tgaskt._.js:2477
[136547519ms] [LOG] [Fast Refresh] rebuilding @ http://localhost:3000/_next/static/chunks/0ly8_next_dist_1tgaskt._.js:2477
[136547678ms] [LOG] [Fast Refresh] done in 261ms @ http://localhost:3000/_next/static/chunks/0ly8_next_dist_1tgaskt._.js:2477
[136550405ms] [LOG] [Fast Refresh] rebuilding @ http://localhost:3000/_next/static/chunks/0ly8_next_dist_1tgaskt._.js:2477
[136550512ms] [LOG] [Fast Refresh] done in 208ms @ http://localhost:3000/_next/static/chunks/0ly8_next_dist_1tgaskt._.js:2477
[136550614ms] [LOG] [Fast Refresh] rebuilding @ http://localhost:3000/_next/static/chunks/0ly8_next_dist_1tgaskt._.js:2477
[136553103ms] [LOG] [Fast Refresh] done in 2582ms @ http://localhost:3000/_next/static/chunks/0ly8_next_dist_1tgaskt._.js:2477
[136555047ms] [LOG] [Fast Refresh] rebuilding @ http://localhost:3000/_next/static/chunks/0ly8_next_dist_1tgaskt._.js:2477
[136555115ms] [LOG] [Fast Refresh] done in 169ms @ http://localhost:3000/_next/static/chunks/0ly8_next_dist_1tgaskt._.js:2477
[136559526ms] [LOG] [Fast Refresh] rebuilding @ http://localhost:3000/_next/static/chunks/0ly8_next_dist_1tgaskt._.js:2477
[136561129ms] [LOG] [Fast Refresh] done in 1707ms @ http://localhost:3000/_next/static/chunks/0ly8_next_dist_1tgaskt._.js:2477
[136562314ms] [LOG] [Fast Refresh] rebuilding @ http://localhost:3000/_next/static/chunks/0ly8_next_dist_1tgaskt._.js:2477
[136562365ms] [LOG] [Fast Refresh] done in 153ms @ http://localhost:3000/_next/static/chunks/0ly8_next_dist_1tgaskt._.js:2477
[136564287ms] [LOG] [Fast Refresh] rebuilding @ http://localhost:3000/_next/static/chunks/0ly8_next_dist_1tgaskt._.js:2477
[136564336ms] [LOG] [Fast Refresh] done in 150ms @ http://localhost:3000/_next/static/chunks/0ly8_next_dist_1tgaskt._.js:2477
[136597967ms] [LOG] [Fast Refresh] rebuilding @ http://localhost:3000/_next/static/chunks/0ly8_next_dist_1tgaskt._.js:2477
[136598739ms] [LOG] [Fast Refresh] done in 870ms @ http://localhost:3000/_next/static/chunks/0ly8_next_dist_1tgaskt._.js:2477
[137285496ms] [LOG] [Fast Refresh] rebuilding @ http://localhost:3000/_next/static/chunks/0ly8_next_dist_1tgaskt._.js:2477
[137287794ms] [LOG] [Fast Refresh] done in 2416ms @ http://localhost:3000/_next/static/chunks/0ly8_next_dist_1tgaskt._.js:2477
[137288068ms] [LOG] [Fast Refresh] rebuilding @ http://localhost:3000/_next/static/chunks/0ly8_next_dist_1tgaskt._.js:2477
[137288496ms] [LOG] [Fast Refresh] done in 529ms @ http://localhost:3000/_next/static/chunks/0ly8_next_dist_1tgaskt._.js:2477
[137587211ms] [ERROR] WebSocket connection to 'ws://localhost:3000/_next/webpack-hmr?id=7miHCea85dUI9IIPp2MO1' failed: Error in connection establishment: net::ERR_CONNECTION_REFUSED @ http://localhost:3000/_next/static/chunks/0ly8_next_dist_client_1ri-qb-._.js:13422
[137588222ms] [ERROR] WebSocket connection to 'ws://localhost:3000/_next/webpack-hmr?id=7miHCea85dUI9IIPp2MO1' failed: Error in connection establishment: net::ERR_CONNECTION_REFUSED @ http://localhost:3000/_next/static/chunks/0ly8_next_dist_client_1ri-qb-._.js:13422
[137589227ms] [ERROR] WebSocket connection to 'ws://localhost:3000/_next/webpack-hmr?id=7miHCea85dUI9IIPp2MO1' failed: Error in connection establishment: net::ERR_CONNECTION_REFUSED @ http://localhost:3000/_next/static/chunks/0ly8_next_dist_client_1ri-qb-._.js:13422
[137590239ms] [ERROR] WebSocket connection to 'ws://localhost:3000/_next/webpack-hmr?id=7miHCea85dUI9IIPp2MO1' failed: Error in connection establishment: net::ERR_CONNECTION_REFUSED @ http://localhost:3000/_next/static/chunks/0ly8_next_dist_client_1ri-qb-._.js:13422
[137591244ms] [ERROR] WebSocket connection to 'ws://localhost:3000/_next/webpack-hmr?id=7miHCea85dUI9IIPp2MO1' failed: Error in connection establishment: net::ERR_CONNECTION_REFUSED @ http://localhost:3000/_next/static/chunks/0ly8_next_dist_client_1ri-qb-._.js:13422
[137596255ms] [ERROR] WebSocket connection to 'ws://localhost:3000/_next/webpack-hmr?id=7miHCea85dUI9IIPp2MO1' failed: Error in connection establishment: net::ERR_CONNECTION_REFUSED @ http://localhost:3000/_next/static/chunks/0ly8_next_dist_client_1ri-qb-._.js:13422
[137601268ms] [ERROR] WebSocket connection to 'ws://localhost:3000/_next/webpack-hmr?id=7miHCea85dUI9IIPp2MO1' failed: Error in connection establishment: net::ERR_CONNECTION_REFUSED @ http://localhost:3000/_next/static/chunks/0ly8_next_dist_client_1ri-qb-._.js:13422
[137606290ms] [ERROR] WebSocket connection to 'ws://localhost:3000/_next/webpack-hmr?id=7miHCea85dUI9IIPp2MO1' failed: Error in connection establishment: net::ERR_CONNECTION_REFUSED @ http://localhost:3000/_next/static/chunks/0ly8_next_dist_client_1ri-qb-._.js:13422
[137611311ms] [ERROR] WebSocket connection to 'ws://localhost:3000/_next/webpack-hmr?id=7miHCea85dUI9IIPp2MO1' failed: Error in connection establishment: net::ERR_CONNECTION_REFUSED @ http://localhost:3000/_next/static/chunks/0ly8_next_dist_client_1ri-qb-._.js:13422
[137616388ms] [ERROR] WebSocket connection to 'ws://localhost:3000/_next/webpack-hmr?id=7miHCea85dUI9IIPp2MO1' failed: Error in connection establishment: net::ERR_CONNECTION_REFUSED @ http://localhost:3000/_next/static/chunks/0ly8_next_dist_client_1ri-qb-._.js:13422
[137621532ms] [ERROR] WebSocket connection to 'ws://localhost:3000/_next/webpack-hmr?id=7miHCea85dUI9IIPp2MO1' failed: Error in connection establishment: net::ERR_CONNECTION_REFUSED @ http://localhost:3000/_next/static/chunks/0ly8_next_dist_client_1ri-qb-._.js:13422
[137626729ms] [ERROR] WebSocket connection to 'ws://localhost:3000/_next/webpack-hmr?id=7miHCea85dUI9IIPp2MO1' failed: Error in connection establishment: net::ERR_CONNECTION_REFUSED @ http://localhost:3000/_next/static/chunks/0ly8_next_dist_client_1ri-qb-._.js:13422
[140432820ms] [ERROR] Failed to load resource: the server responded with a status of 404 (Not Found) @ http://localhost:3000/availability:0
[140433102ms] [INFO] %cDownload the React DevTools for a better development experience: https://react.dev/link/react-devtools font-weight:bold @ http://localhost:3000/_next/static/chunks/0ly8_next_dist_1tgaskt._.js:2477
[140433482ms] [LOG] [HMR] connected @ http://localhost:3000/_next/static/chunks/0ly8_next_dist_1tgaskt._.js:2477
[140434276ms] [LOG] [Fast Refresh] rebuilding @ http://localhost:3000/_next/static/chunks/0ly8_next_dist_1tgaskt._.js:2477
[140434954ms] [LOG] [Fast Refresh] done in 779ms @ http://localhost:3000/_next/static/chunks/0ly8_next_dist_1tgaskt._.js:2477
[140443654ms] [LOG] [Fast Refresh] rebuilding @ http://localhost:3000/_next/static/chunks/0ly8_next_dist_1tgaskt._.js:2477
[140446278ms] [LOG] [Fast Refresh] done in 2731ms @ http://localhost:3000/_next/static/chunks/0ly8_next_dist_1tgaskt._.js:2477
[140448360ms] [LOG] [Fast Refresh] rebuilding @ http://localhost:3000/_next/static/chunks/0ly8_next_dist_1tgaskt._.js:2477
[140451728ms] [LOG] [Fast Refresh] done in 3153ms @ http://localhost:3000/_next/static/chunks/0ly8_next_dist_1tgaskt._.js:2477
[140452261ms] [LOG] [Fast Refresh] rebuilding @ http://localhost:3000/_next/static/chunks/0ly8_next_dist_1tgaskt._.js:2477
[140452287ms] [LOG] [Fast Refresh] done in 226ms @ http://localhost:3000/_next/static/chunks/0ly8_next_dist_1tgaskt._.js:2477
[140456008ms] [LOG] [Fast Refresh] rebuilding @ http://localhost:3000/_next/static/chunks/0ly8_next_dist_1tgaskt._.js:2477
[140456288ms] [LOG] [Fast Refresh] done in 382ms @ http://localhost:3000/_next/static/chunks/0ly8_next_dist_1tgaskt._.js:2477
[140477833ms] [LOG] [Fast Refresh] rebuilding @ http://localhost:3000/_next/static/chunks/0ly8_next_dist_1tgaskt._.js:2477
[140479410ms] [LOG] [Fast Refresh] done in 1681ms @ http://localhost:3000/_next/static/chunks/0ly8_next_dist_1tgaskt._.js:2477
[140480532ms] [LOG] [Fast Refresh] rebuilding @ http://localhost:3000/_next/static/chunks/0ly8_next_dist_1tgaskt._.js:2477
[140481556ms] [LOG] [Fast Refresh] done in 1125ms @ http://localhost:3000/_next/static/chunks/0ly8_next_dist_1tgaskt._.js:2477
[140481687ms] [LOG] [Fast Refresh] rebuilding @ http://localhost:3000/_next/static/chunks/0ly8_next_dist_1tgaskt._.js:2477
[140482150ms] [LOG] [Fast Refresh] done in 563ms @ http://localhost:3000/_next/static/chunks/0ly8_next_dist_1tgaskt._.js:2477
[140482388ms] [LOG] [Fast Refresh] rebuilding @ http://localhost:3000/_next/static/chunks/0ly8_next_dist_1tgaskt._.js:2477
[140482716ms] [LOG] [Fast Refresh] done in 429ms @ http://localhost:3000/_next/static/chunks/0ly8_next_dist_1tgaskt._.js:2477
[140482821ms] [LOG] [Fast Refresh] rebuilding @ http://localhost:3000/_next/static/chunks/0ly8_next_dist_1tgaskt._.js:2477
[140482910ms] [LOG] [Fast Refresh] done in 191ms @ http://localhost:3000/_next/static/chunks/0ly8_next_dist_1tgaskt._.js:2477
[140483013ms] [LOG] [Fast Refresh] rebuilding @ http://localhost:3000/_next/static/chunks/0ly8_next_dist_1tgaskt._.js:2477
[140483150ms] [LOG] [Fast Refresh] done in 237ms @ http://localhost:3000/_next/static/chunks/0ly8_next_dist_1tgaskt._.js:2477
[140483252ms] [LOG] [Fast Refresh] rebuilding @ http://localhost:3000/_next/static/chunks/0ly8_next_dist_1tgaskt._.js:2477
[140483777ms] [LOG] [Fast Refresh] done in 626ms @ http://localhost:3000/_next/static/chunks/0ly8_next_dist_1tgaskt._.js:2477
[140483879ms] [LOG] [Fast Refresh] rebuilding @ http://localhost:3000/_next/static/chunks/0ly8_next_dist_1tgaskt._.js:2477
[140484044ms] [LOG] [Fast Refresh] done in 266ms @ http://localhost:3000/_next/static/chunks/0ly8_next_dist_1tgaskt._.js:2477
[140487610ms] [LOG] [Fast Refresh] rebuilding @ http://localhost:3000/_next/static/chunks/0ly8_next_dist_1tgaskt._.js:2477
[140488100ms] [LOG] [Fast Refresh] done in 591ms @ http://localhost:3000/_next/static/chunks/0ly8_next_dist_1tgaskt._.js:2477
[140576503ms] [ERROR] WebSocket connection to 'ws://localhost:3000/_next/webpack-hmr?id=8TFJdQkB1FraGilmaHQ0N' failed: Error in connection establishment: net::ERR_CONNECTION_REFUSED @ http://localhost:3000/_next/static/chunks/0ly8_next_dist_client_1ri-qb-._.js:13422
[140577885ms] [ERROR] WebSocket connection to 'ws://localhost:3000/_next/webpack-hmr?id=8TFJdQkB1FraGilmaHQ0N' failed: Error in connection establishment: net::ERR_CONNECTION_REFUSED @ http://localhost:3000/_next/static/chunks/0ly8_next_dist_client_1ri-qb-._.js:13422
[140579069ms] [ERROR] WebSocket connection to 'ws://localhost:3000/_next/webpack-hmr?id=8TFJdQkB1FraGilmaHQ0N' failed: Error in connection establishment: net::ERR_CONNECTION_REFUSED @ http://localhost:3000/_next/static/chunks/0ly8_next_dist_client_1ri-qb-._.js:13422
[140580321ms] [ERROR] WebSocket connection to 'ws://localhost:3000/_next/webpack-hmr?id=8TFJdQkB1FraGilmaHQ0N' failed: Error in connection establishment: net::ERR_CONNECTION_REFUSED @ http://localhost:3000/_next/static/chunks/0ly8_next_dist_client_1ri-qb-._.js:13422
[140581480ms] [ERROR] WebSocket connection to 'ws://localhost:3000/_next/webpack-hmr?id=8TFJdQkB1FraGilmaHQ0N' failed: Error in connection establishment: net::ERR_CONNECTION_REFUSED @ http://localhost:3000/_next/static/chunks/0ly8_next_dist_client_1ri-qb-._.js:13422
[140586788ms] [ERROR] WebSocket connection to 'ws://localhost:3000/_next/webpack-hmr?id=8TFJdQkB1FraGilmaHQ0N' failed: Error in connection establishment: net::ERR_CONNECTION_REFUSED @ http://localhost:3000/_next/static/chunks/0ly8_next_dist_client_1ri-qb-._.js:13422
[140592958ms] [ERROR] WebSocket connection to 'ws://localhost:3000/_next/webpack-hmr?id=8TFJdQkB1FraGilmaHQ0N' failed: Error in connection establishment: net::ERR_CONNECTION_REFUSED @ http://localhost:3000/_next/static/chunks/0ly8_next_dist_client_1ri-qb-._.js:13422
[140598472ms] [ERROR] WebSocket connection to 'ws://localhost:3000/_next/webpack-hmr?id=8TFJdQkB1FraGilmaHQ0N' failed: Error in connection establishment: net::ERR_CONNECTION_REFUSED @ http://localhost:3000/_next/static/chunks/0ly8_next_dist_client_1ri-qb-._.js:13422
[140603609ms] [ERROR] WebSocket connection to 'ws://localhost:3000/_next/webpack-hmr?id=8TFJdQkB1FraGilmaHQ0N' failed: Error in connection establishment: net::ERR_CONNECTION_REFUSED @ http://localhost:3000/_next/static/chunks/0ly8_next_dist_client_1ri-qb-._.js:13422
[140608655ms] [ERROR] WebSocket connection to 'ws://localhost:3000/_next/webpack-hmr?id=8TFJdQkB1FraGilmaHQ0N' failed: Error in connection establishment: net::ERR_CONNECTION_REFUSED @ http://localhost:3000/_next/static/chunks/0ly8_next_dist_client_1ri-qb-._.js:13422
[140613744ms] [ERROR] WebSocket connection to 'ws://localhost:3000/_next/webpack-hmr?id=8TFJdQkB1FraGilmaHQ0N' failed: Error in connection establishment: net::ERR_CONNECTION_REFUSED @ http://localhost:3000/_next/static/chunks/0ly8_next_dist_client_1ri-qb-._.js:13422
[140618787ms] [ERROR] WebSocket connection to 'ws://localhost:3000/_next/webpack-hmr?id=8TFJdQkB1FraGilmaHQ0N' failed: Error in connection establishment: net::ERR_CONNECTION_REFUSED @ http://localhost:3000/_next/static/chunks/0ly8_next_dist_client_1ri-qb-._.js:13422
